<?xml version="1.0" encoding="UTF-8"?>
<testsuite xmlns:xsi="http://www.w3.org/2001/XMLSchema-instance" xsi:noNamespaceSchemaLocation="https://maven.apache.org/surefire/maven-surefire-plugin/xsd/surefire-test-report-3.0.xsd" version="3.0" name="TestSuite" time="29.27" tests="1" errors="0" skipped="0" failures="0">
  <properties>
    <property name="gopherProxySet" value="false"/>
    <property name="awt.toolkit" value="sun.lwawt.macosx.LWCToolkit"/>
    <property name="java.specification.version" value="11"/>
    <property name="webdriver.chrome.driver" value="/Users/patrickf/.cache/selenium/chromedriver/mac64/116.0.5845.96/chromedriver"/>
    <property name="sun.cpu.isalist" value=""/>
    <property name="sun.jnu.encoding" value="UTF-8"/>
    <property name="java.class.path" value="/Users/patrickf/cucumber-passports/target/test-classes:/Users/patrickf/cucumber-passports/target/classes:/Users/patrickf/.m2/repository/org/testng/testng/7.8.0/testng-7.8.0.jar:/Users/patrickf/.m2/repository/com/beust/jcommander/1.82/jcommander-1.82.jar:/Users/patrickf/.m2/repository/org/webjars/jquery/3.6.1/jquery-3.6.1.jar:/Users/patrickf/.m2/repository/org/hamcrest/hamcrest/2.2/hamcrest-2.2.jar:/Users/patrickf/.m2/repository/io/github/bonigarcia/webdrivermanager/5.5.0/webdrivermanager-5.5.0.jar:/Users/patrickf/.m2/repository/com/google/code/gson/gson/2.10.1/gson-2.10.1.jar:/Users/patrickf/.m2/repository/com/github/docker-java/docker-java/3.3.3/docker-java-3.3.3.jar:/Users/patrickf/.m2/repository/com/github/docker-java/docker-java-core/3.3.3/docker-java-core-3.3.3.jar:/Users/patrickf/.m2/repository/com/github/docker-java/docker-java-api/3.3.3/docker-java-api-3.3.3.jar:/Users/patrickf/.m2/repository/org/apache/commons/commons-compress/1.21/commons-compress-1.21.jar:/Users/patrickf/.m2/repository/org/bouncycastle/bcpkix-jdk18on/1.75/bcpkix-jdk18on-1.75.jar:/Users/patrickf/.m2/repository/org/bouncycastle/bcprov-jdk18on/1.75/bcprov-jdk18on-1.75.jar:/Users/patrickf/.m2/repository/org/bouncycastle/bcutil-jdk18on/1.75/bcutil-jdk18on-1.75.jar:/Users/patrickf/.m2/repository/org/slf4j/jcl-over-slf4j/1.7.30/jcl-over-slf4j-1.7.30.jar:/Users/patrickf/.m2/repository/com/github/docker-java/docker-java-transport-httpclient5/3.3.3/docker-java-transport-httpclient5-3.3.3.jar:/Users/patrickf/.m2/repository/com/github/docker-java/docker-java-transport/3.3.3/docker-java-transport-3.3.3.jar:/Users/patrickf/.m2/repository/net/java/dev/jna/jna/5.12.1/jna-5.12.1.jar:/Users/patrickf/.m2/repository/org/brotli/dec/0.1.2/dec-0.1.2.jar:/Users/patrickf/.m2/repository/org/apache/commons/commons-lang3/3.13.0/commons-lang3-3.13.0.jar:/Users/patrickf/.m2/repository/org/apache/httpcomponents/client5/httpclient5/5.2.1/httpclient5-5.2.1.jar:/Users/patrickf/.m2/repository/org/apache/httpcomponents/core5/httpcore5/5.2/httpcore5-5.2.jar:/Users/patrickf/.m2/repository/org/apache/httpcomponents/core5/httpcore5-h2/5.2/httpcore5-h2-5.2.jar:/Users/patrickf/.m2/repository/io/appium/java-client/8.5.1/java-client-8.5.1.jar:/Users/patrickf/.m2/repository/commons-validator/commons-validator/1.7/commons-validator-1.7.jar:/Users/patrickf/.m2/repository/commons-beanutils/commons-beanutils/1.9.4/commons-beanutils-1.9.4.jar:/Users/patrickf/.m2/repository/commons-digester/commons-digester/2.1/commons-digester-2.1.jar:/Users/patrickf/.m2/repository/commons-logging/commons-logging/1.2/commons-logging-1.2.jar:/Users/patrickf/.m2/repository/commons-collections/commons-collections/3.2.2/commons-collections-3.2.2.jar:/Users/patrickf/.m2/repository/org/seleniumhq/selenium/selenium-java/4.11.0/selenium-java-4.11.0.jar:/Users/patrickf/.m2/repository/org/seleniumhq/selenium/selenium-api/4.11.0/selenium-api-4.11.0.jar:/Users/patrickf/.m2/repository/org/seleniumhq/selenium/selenium-chrome-driver/4.11.0/selenium-chrome-driver-4.11.0.jar:/Users/patrickf/.m2/repository/com/google/auto/service/auto-service-annotations/1.0.1/auto-service-annotations-1.0.1.jar:/Users/patrickf/.m2/repository/com/google/guava/guava/31.1-jre/guava-31.1-jre.jar:/Users/patrickf/.m2/repository/com/google/guava/failureaccess/1.0.1/failureaccess-1.0.1.jar:/Users/patrickf/.m2/repository/com/google/guava/listenablefuture/9999.0-empty-to-avoid-conflict-with-guava/listenablefuture-9999.0-empty-to-avoid-conflict-with-guava.jar:/Users/patrickf/.m2/repository/com/google/code/findbugs/jsr305/3.0.2/jsr305-3.0.2.jar:/Users/patrickf/.m2/repository/org/checkerframework/checker-qual/3.12.0/checker-qual-3.12.0.jar:/Users/patrickf/.m2/repository/com/google/errorprone/error_prone_annotations/2.11.0/error_prone_annotations-2.11.0.jar:/Users/patrickf/.m2/repository/com/google/j2objc/j2objc-annotations/1.3/j2objc-annotations-1.3.jar:/Users/patrickf/.m2/repository/org/seleniumhq/selenium/selenium-chromium-driver/4.11.0/selenium-chromium-driver-4.11.0.jar:/Users/patrickf/.m2/repository/org/seleniumhq/selenium/selenium-json/4.11.0/selenium-json-4.11.0.jar:/Users/patrickf/.m2/repository/org/seleniumhq/selenium/selenium-manager/4.11.0/selenium-manager-4.11.0.jar:/Users/patrickf/.m2/repository/org/seleniumhq/selenium/selenium-devtools-v113/4.11.0/selenium-devtools-v113-4.11.0.jar:/Users/patrickf/.m2/repository/org/seleniumhq/selenium/selenium-devtools-v114/4.11.0/selenium-devtools-v114-4.11.0.jar:/Users/patrickf/.m2/repository/org/seleniumhq/selenium/selenium-devtools-v115/4.11.0/selenium-devtools-v115-4.11.0.jar:/Users/patrickf/.m2/repository/org/seleniumhq/selenium/selenium-devtools-v85/4.11.0/selenium-devtools-v85-4.11.0.jar:/Users/patrickf/.m2/repository/org/seleniumhq/selenium/selenium-edge-driver/4.11.0/selenium-edge-driver-4.11.0.jar:/Users/patrickf/.m2/repository/org/seleniumhq/selenium/selenium-firefox-driver/4.11.0/selenium-firefox-driver-4.11.0.jar:/Users/patrickf/.m2/repository/org/seleniumhq/selenium/selenium-http/4.11.0/selenium-http-4.11.0.jar:/Users/patrickf/.m2/repository/dev/failsafe/failsafe/3.3.1/failsafe-3.3.1.jar:/Users/patrickf/.m2/repository/org/seleniumhq/selenium/selenium-ie-driver/4.11.0/selenium-ie-driver-4.11.0.jar:/Users/patrickf/.m2/repository/org/seleniumhq/selenium/selenium-remote-driver/4.11.0/selenium-remote-driver-4.11.0.jar:/Users/patrickf/.m2/repository/io/netty/netty-buffer/4.1.92.Final/netty-buffer-4.1.92.Final.jar:/Users/patrickf/.m2/repository/io/netty/netty-codec-http/4.1.92.Final/netty-codec-http-4.1.92.Final.jar:/Users/patrickf/.m2/repository/io/netty/netty-codec/4.1.92.Final/netty-codec-4.1.92.Final.jar:/Users/patrickf/.m2/repository/io/netty/netty-handler/4.1.92.Final/netty-handler-4.1.92.Final.jar:/Users/patrickf/.m2/repository/io/netty/netty-common/4.1.92.Final/netty-common-4.1.92.Final.jar:/Users/patrickf/.m2/repository/io/netty/netty-transport-classes-epoll/4.1.92.Final/netty-transport-classes-epoll-4.1.92.Final.jar:/Users/patrickf/.m2/repository/io/netty/netty-transport-classes-kqueue/4.1.92.Final/netty-transport-classes-kqueue-4.1.92.Final.jar:/Users/patrickf/.m2/repository/io/netty/netty-transport-native-epoll/4.1.92.Final/netty-transport-native-epoll-4.1.92.Final.jar:/Users/patrickf/.m2/repository/io/netty/netty-transport-native-kqueue/4.1.92.Final/netty-transport-native-kqueue-4.1.92.Final.jar:/Users/patrickf/.m2/repository/io/netty/netty-transport-native-unix-common/4.1.92.Final/netty-transport-native-unix-common-4.1.92.Final.jar:/Users/patrickf/.m2/repository/io/netty/netty-transport/4.1.92.Final/netty-transport-4.1.92.Final.jar:/Users/patrickf/.m2/repository/io/netty/netty-resolver/4.1.92.Final/netty-resolver-4.1.92.Final.jar:/Users/patrickf/.m2/repository/io/opentelemetry/opentelemetry-api/1.26.0/opentelemetry-api-1.26.0.jar:/Users/patrickf/.m2/repository/io/opentelemetry/opentelemetry-context/1.26.0/opentelemetry-context-1.26.0.jar:/Users/patrickf/.m2/repository/io/opentelemetry/opentelemetry-exporter-logging/1.26.0/opentelemetry-exporter-logging-1.26.0.jar:/Users/patrickf/.m2/repository/io/opentelemetry/opentelemetry-sdk-metrics/1.26.0/opentelemetry-sdk-metrics-1.26.0.jar:/Users/patrickf/.m2/repository/io/opentelemetry/opentelemetry-extension-incubator/1.26.0-alpha/opentelemetry-extension-incubator-1.26.0-alpha.jar:/Users/patrickf/.m2/repository/io/opentelemetry/opentelemetry-sdk-logs/1.26.0-alpha/opentelemetry-sdk-logs-1.26.0-alpha.jar:/Users/patrickf/.m2/repository/io/opentelemetry/opentelemetry-api-logs/1.26.0-alpha/opentelemetry-api-logs-1.26.0-alpha.jar:/Users/patrickf/.m2/repository/io/opentelemetry/opentelemetry-api-events/1.26.0-alpha/opentelemetry-api-events-1.26.0-alpha.jar:/Users/patrickf/.m2/repository/io/opentelemetry/opentelemetry-sdk-common/1.26.0/opentelemetry-sdk-common-1.26.0.jar:/Users/patrickf/.m2/repository/io/opentelemetry/opentelemetry-sdk-extension-autoconfigure-spi/1.26.0/opentelemetry-sdk-extension-autoconfigure-spi-1.26.0.jar:/Users/patrickf/.m2/repository/io/opentelemetry/opentelemetry-sdk-extension-autoconfigure/1.26.0-alpha/opentelemetry-sdk-extension-autoconfigure-1.26.0-alpha.jar:/Users/patrickf/.m2/repository/io/opentelemetry/opentelemetry-sdk-trace/1.26.0/opentelemetry-sdk-trace-1.26.0.jar:/Users/patrickf/.m2/repository/io/opentelemetry/opentelemetry-sdk/1.26.0/opentelemetry-sdk-1.26.0.jar:/Users/patrickf/.m2/repository/io/opentelemetry/opentelemetry-semconv/1.26.0-alpha/opentelemetry-semconv-1.26.0-alpha.jar:/Users/patrickf/.m2/repository/net/bytebuddy/byte-buddy/1.14.4/byte-buddy-1.14.4.jar:/Users/patrickf/.m2/repository/org/apache/commons/commons-exec/1.3/commons-exec-1.3.jar:/Users/patrickf/.m2/repository/org/asynchttpclient/async-http-client/2.12.3/async-http-client-2.12.3.jar:/Users/patrickf/.m2/repository/org/asynchttpclient/async-http-client-netty-utils/2.12.3/async-http-client-netty-utils-2.12.3.jar:/Users/patrickf/.m2/repository/io/netty/netty-codec-socks/4.1.60.Final/netty-codec-socks-4.1.60.Final.jar:/Users/patrickf/.m2/repository/io/netty/netty-handler-proxy/4.1.60.Final/netty-handler-proxy-4.1.60.Final.jar:/Users/patrickf/.m2/repository/io/netty/netty-transport-native-epoll/4.1.60.Final/netty-transport-native-epoll-4.1.60.Final-linux-x86_64.jar:/Users/patrickf/.m2/repository/io/netty/netty-transport-native-kqueue/4.1.60.Final/netty-transport-native-kqueue-4.1.60.Final-osx-x86_64.jar:/Users/patrickf/.m2/repository/org/reactivestreams/reactive-streams/1.0.3/reactive-streams-1.0.3.jar:/Users/patrickf/.m2/repository/com/typesafe/netty/netty-reactive-streams/2.0.4/netty-reactive-streams-2.0.4.jar:/Users/patrickf/.m2/repository/com/sun/activation/jakarta.activation/1.2.2/jakarta.activation-1.2.2.jar:/Users/patrickf/.m2/repository/org/seleniumhq/selenium/selenium-safari-driver/4.11.0/selenium-safari-driver-4.11.0.jar:/Users/patrickf/.m2/repository/org/seleniumhq/selenium/selenium-support/4.11.0/selenium-support-4.11.0.jar:/Users/patrickf/.m2/repository/org/json/json/20230618/json-20230618.jar:/Users/patrickf/.m2/repository/com/fasterxml/jackson/core/jackson-databind/2.15.2/jackson-databind-2.15.2.jar:/Users/patrickf/.m2/repository/com/fasterxml/jackson/core/jackson-annotations/2.15.2/jackson-annotations-2.15.2.jar:/Users/patrickf/.m2/repository/com/fasterxml/jackson/core/jackson-core/2.15.2/jackson-core-2.15.2.jar:/Users/patrickf/.m2/repository/io/cucumber/cucumber-java/6.10.4/cucumber-java-6.10.4.jar:/Users/patrickf/.m2/repository/io/cucumber/cucumber-core/6.10.4/cucumber-core-6.10.4.jar:/Users/patrickf/.m2/repository/io/cucumber/cucumber-gherkin/6.10.4/cucumber-gherkin-6.10.4.jar:/Users/patrickf/.m2/repository/io/cucumber/cucumber-gherkin-messages/6.10.4/cucumber-gherkin-messages-6.10.4.jar:/Users/patrickf/.m2/repository/io/cucumber/messages/15.0.0/messages-15.0.0.jar:/Users/patrickf/.m2/repository/io/cucumber/tag-expressions/3.0.1/tag-expressions-3.0.1.jar:/Users/patrickf/.m2/repository/io/cucumber/cucumber-expressions/10.3.0/cucumber-expressions-10.3.0.jar:/Users/patrickf/.m2/repository/io/cucumber/datatable/3.5.0/datatable-3.5.0.jar:/Users/patrickf/.m2/repository/io/cucumber/cucumber-plugin/6.10.4/cucumber-plugin-6.10.4.jar:/Users/patrickf/.m2/repository/io/cucumber/docstring/6.10.4/docstring-6.10.4.jar:/Users/patrickf/.m2/repository/io/cucumber/html-formatter/13.0.0/html-formatter-13.0.0.jar:/Users/patrickf/.m2/repository/io/cucumber/create-meta/4.0.0/create-meta-4.0.0.jar:/Users/patrickf/.m2/repository/org/apiguardian/apiguardian-api/1.1.1/apiguardian-api-1.1.1.jar:/Users/patrickf/.m2/repository/io/cucumber/cucumber-testng/6.10.4/cucumber-testng-6.10.4.jar:/Users/patrickf/.m2/repository/net/masterthought/cucumber-reporting/5.7.6/cucumber-reporting-5.7.6.jar:/Users/patrickf/.m2/repository/com/fasterxml/jackson/datatype/jackson-datatype-jsr310/2.13.2/jackson-datatype-jsr310-2.13.2.jar:/Users/patrickf/.m2/repository/org/apache/velocity/velocity-engine-core/2.3/velocity-engine-core-2.3.jar:/Users/patrickf/.m2/repository/joda-time/joda-time/2.12.2/joda-time-2.12.2.jar:/Users/patrickf/.m2/repository/org/codehaus/plexus/plexus-utils/3.5.1/plexus-utils-3.5.1.jar:/Users/patrickf/.m2/repository/org/jsoup/jsoup/1.16.1/jsoup-1.16.1.jar:/Users/patrickf/.m2/repository/com/googlecode/owasp-java-html-sanitizer/owasp-java-html-sanitizer/20220608.1/owasp-java-html-sanitizer-20220608.1.jar:/Users/patrickf/.m2/repository/commons-configuration/commons-configuration/1.10/commons-configuration-1.10.jar:/Users/patrickf/.m2/repository/commons-lang/commons-lang/2.6/commons-lang-2.6.jar:/Users/patrickf/.m2/repository/io/cucumber/cucumber-picocontainer/6.10.4/cucumber-picocontainer-6.10.4.jar:/Users/patrickf/.m2/repository/org/picocontainer/picocontainer/2.15/picocontainer-2.15.jar:/Users/patrickf/.m2/repository/org/projectlombok/lombok/1.18.28/lombok-1.18.28.jar:/Users/patrickf/.m2/repository/org/slf4j/slf4j-api/2.0.7/slf4j-api-2.0.7.jar:/Users/patrickf/.m2/repository/ch/qos/logback/logback-classic/1.4.11/logback-classic-1.4.11.jar:/Users/patrickf/.m2/repository/ch/qos/logback/logback-core/1.4.11/logback-core-1.4.11.jar:/Users/patrickf/.m2/repository/commons-io/commons-io/2.13.0/commons-io-2.13.0.jar:"/>
    <property name="java.vm.vendor" value="Oracle Corporation"/>
    <property name="sun.arch.data.model" value="64"/>
    <property name="java.vendor.url" value="http://java.oracle.com/"/>
    <property name="user.timezone" value="Europe/London"/>
    <property name="java.vm.specification.version" value="11"/>
    <property name="os.name" value="Mac OS X"/>
    <property name="sun.java.launcher" value="SUN_STANDARD"/>
    <property name="user.country" value="GB"/>
    <property name="sun.boot.library.path" value="/Library/Java/JavaVirtualMachines/openjdk-11.0.2.jdk/Contents/Home/lib"/>
    <property name="sun.java.command" value="/Users/patrickf/cucumber-passports/target/surefire/surefirebooter-20230825121525787_3.jar /Users/patrickf/cucumber-passports/target/surefire 2023-08-25T12-15-25_696-jvmRun1 surefire-20230825121525787_1tmp surefire_0-20230825121525787_2tmp"/>
    <property name="jdk.debug" value="release"/>
    <property name="surefire.test.class.path" value="/Users/patrickf/cucumber-passports/target/test-classes:/Users/patrickf/cucumber-passports/target/classes:/Users/patrickf/.m2/repository/org/testng/testng/7.8.0/testng-7.8.0.jar:/Users/patrickf/.m2/repository/com/beust/jcommander/1.82/jcommander-1.82.jar:/Users/patrickf/.m2/repository/org/webjars/jquery/3.6.1/jquery-3.6.1.jar:/Users/patrickf/.m2/repository/org/hamcrest/hamcrest/2.2/hamcrest-2.2.jar:/Users/patrickf/.m2/repository/io/github/bonigarcia/webdrivermanager/5.5.0/webdrivermanager-5.5.0.jar:/Users/patrickf/.m2/repository/com/google/code/gson/gson/2.10.1/gson-2.10.1.jar:/Users/patrickf/.m2/repository/com/github/docker-java/docker-java/3.3.3/docker-java-3.3.3.jar:/Users/patrickf/.m2/repository/com/github/docker-java/docker-java-core/3.3.3/docker-java-core-3.3.3.jar:/Users/patrickf/.m2/repository/com/github/docker-java/docker-java-api/3.3.3/docker-java-api-3.3.3.jar:/Users/patrickf/.m2/repository/org/apache/commons/commons-compress/1.21/commons-compress-1.21.jar:/Users/patrickf/.m2/repository/org/bouncycastle/bcpkix-jdk18on/1.75/bcpkix-jdk18on-1.75.jar:/Users/patrickf/.m2/repository/org/bouncycastle/bcprov-jdk18on/1.75/bcprov-jdk18on-1.75.jar:/Users/patrickf/.m2/repository/org/bouncycastle/bcutil-jdk18on/1.75/bcutil-jdk18on-1.75.jar:/Users/patrickf/.m2/repository/org/slf4j/jcl-over-slf4j/1.7.30/jcl-over-slf4j-1.7.30.jar:/Users/patrickf/.m2/repository/com/github/docker-java/docker-java-transport-httpclient5/3.3.3/docker-java-transport-httpclient5-3.3.3.jar:/Users/patrickf/.m2/repository/com/github/docker-java/docker-java-transport/3.3.3/docker-java-transport-3.3.3.jar:/Users/patrickf/.m2/repository/net/java/dev/jna/jna/5.12.1/jna-5.12.1.jar:/Users/patrickf/.m2/repository/org/brotli/dec/0.1.2/dec-0.1.2.jar:/Users/patrickf/.m2/repository/org/apache/commons/commons-lang3/3.13.0/commons-lang3-3.13.0.jar:/Users/patrickf/.m2/repository/org/apache/httpcomponents/client5/httpclient5/5.2.1/httpclient5-5.2.1.jar:/Users/patrickf/.m2/repository/org/apache/httpcomponents/core5/httpcore5/5.2/httpcore5-5.2.jar:/Users/patrickf/.m2/repository/org/apache/httpcomponents/core5/httpcore5-h2/5.2/httpcore5-h2-5.2.jar:/Users/patrickf/.m2/repository/io/appium/java-client/8.5.1/java-client-8.5.1.jar:/Users/patrickf/.m2/repository/commons-validator/commons-validator/1.7/commons-validator-1.7.jar:/Users/patrickf/.m2/repository/commons-beanutils/commons-beanutils/1.9.4/commons-beanutils-1.9.4.jar:/Users/patrickf/.m2/repository/commons-digester/commons-digester/2.1/commons-digester-2.1.jar:/Users/patrickf/.m2/repository/commons-logging/commons-logging/1.2/commons-logging-1.2.jar:/Users/patrickf/.m2/repository/commons-collections/commons-collections/3.2.2/commons-collections-3.2.2.jar:/Users/patrickf/.m2/repository/org/seleniumhq/selenium/selenium-java/4.11.0/selenium-java-4.11.0.jar:/Users/patrickf/.m2/repository/org/seleniumhq/selenium/selenium-api/4.11.0/selenium-api-4.11.0.jar:/Users/patrickf/.m2/repository/org/seleniumhq/selenium/selenium-chrome-driver/4.11.0/selenium-chrome-driver-4.11.0.jar:/Users/patrickf/.m2/repository/com/google/auto/service/auto-service-annotations/1.0.1/auto-service-annotations-1.0.1.jar:/Users/patrickf/.m2/repository/com/google/guava/guava/31.1-jre/guava-31.1-jre.jar:/Users/patrickf/.m2/repository/com/google/guava/failureaccess/1.0.1/failureaccess-1.0.1.jar:/Users/patrickf/.m2/repository/com/google/guava/listenablefuture/9999.0-empty-to-avoid-conflict-with-guava/listenablefuture-9999.0-empty-to-avoid-conflict-with-guava.jar:/Users/patrickf/.m2/repository/com/google/code/findbugs/jsr305/3.0.2/jsr305-3.0.2.jar:/Users/patrickf/.m2/repository/org/checkerframework/checker-qual/3.12.0/checker-qual-3.12.0.jar:/Users/patrickf/.m2/repository/com/google/errorprone/error_prone_annotations/2.11.0/error_prone_annotations-2.11.0.jar:/Users/patrickf/.m2/repository/com/google/j2objc/j2objc-annotations/1.3/j2objc-annotations-1.3.jar:/Users/patrickf/.m2/repository/org/seleniumhq/selenium/selenium-chromium-driver/4.11.0/selenium-chromium-driver-4.11.0.jar:/Users/patrickf/.m2/repository/org/seleniumhq/selenium/selenium-json/4.11.0/selenium-json-4.11.0.jar:/Users/patrickf/.m2/repository/org/seleniumhq/selenium/selenium-manager/4.11.0/selenium-manager-4.11.0.jar:/Users/patrickf/.m2/repository/org/seleniumhq/selenium/selenium-devtools-v113/4.11.0/selenium-devtools-v113-4.11.0.jar:/Users/patrickf/.m2/repository/org/seleniumhq/selenium/selenium-devtools-v114/4.11.0/selenium-devtools-v114-4.11.0.jar:/Users/patrickf/.m2/repository/org/seleniumhq/selenium/selenium-devtools-v115/4.11.0/selenium-devtools-v115-4.11.0.jar:/Users/patrickf/.m2/repository/org/seleniumhq/selenium/selenium-devtools-v85/4.11.0/selenium-devtools-v85-4.11.0.jar:/Users/patrickf/.m2/repository/org/seleniumhq/selenium/selenium-edge-driver/4.11.0/selenium-edge-driver-4.11.0.jar:/Users/patrickf/.m2/repository/org/seleniumhq/selenium/selenium-firefox-driver/4.11.0/selenium-firefox-driver-4.11.0.jar:/Users/patrickf/.m2/repository/org/seleniumhq/selenium/selenium-http/4.11.0/selenium-http-4.11.0.jar:/Users/patrickf/.m2/repository/dev/failsafe/failsafe/3.3.1/failsafe-3.3.1.jar:/Users/patrickf/.m2/repository/org/seleniumhq/selenium/selenium-ie-driver/4.11.0/selenium-ie-driver-4.11.0.jar:/Users/patrickf/.m2/repository/org/seleniumhq/selenium/selenium-remote-driver/4.11.0/selenium-remote-driver-4.11.0.jar:/Users/patrickf/.m2/repository/io/netty/netty-buffer/4.1.92.Final/netty-buffer-4.1.92.Final.jar:/Users/patrickf/.m2/repository/io/netty/netty-codec-http/4.1.92.Final/netty-codec-http-4.1.92.Final.jar:/Users/patrickf/.m2/repository/io/netty/netty-codec/4.1.92.Final/netty-codec-4.1.92.Final.jar:/Users/patrickf/.m2/repository/io/netty/netty-handler/4.1.92.Final/netty-handler-4.1.92.Final.jar:/Users/patrickf/.m2/repository/io/netty/netty-common/4.1.92.Final/netty-common-4.1.92.Final.jar:/Users/patrickf/.m2/repository/io/netty/netty-transport-classes-epoll/4.1.92.Final/netty-transport-classes-epoll-4.1.92.Final.jar:/Users/patrickf/.m2/repository/io/netty/netty-transport-classes-kqueue/4.1.92.Final/netty-transport-classes-kqueue-4.1.92.Final.jar:/Users/patrickf/.m2/repository/io/netty/netty-transport-native-epoll/4.1.92.Final/netty-transport-native-epoll-4.1.92.Final.jar:/Users/patrickf/.m2/repository/io/netty/netty-transport-native-kqueue/4.1.92.Final/netty-transport-native-kqueue-4.1.92.Final.jar:/Users/patrickf/.m2/repository/io/netty/netty-transport-native-unix-common/4.1.92.Final/netty-transport-native-unix-common-4.1.92.Final.jar:/Users/patrickf/.m2/repository/io/netty/netty-transport/4.1.92.Final/netty-transport-4.1.92.Final.jar:/Users/patrickf/.m2/repository/io/netty/netty-resolver/4.1.92.Final/netty-resolver-4.1.92.Final.jar:/Users/patrickf/.m2/repository/io/opentelemetry/opentelemetry-api/1.26.0/opentelemetry-api-1.26.0.jar:/Users/patrickf/.m2/repository/io/opentelemetry/opentelemetry-context/1.26.0/opentelemetry-context-1.26.0.jar:/Users/patrickf/.m2/repository/io/opentelemetry/opentelemetry-exporter-logging/1.26.0/opentelemetry-exporter-logging-1.26.0.jar:/Users/patrickf/.m2/repository/io/opentelemetry/opentelemetry-sdk-metrics/1.26.0/opentelemetry-sdk-metrics-1.26.0.jar:/Users/patrickf/.m2/repository/io/opentelemetry/opentelemetry-extension-incubator/1.26.0-alpha/opentelemetry-extension-incubator-1.26.0-alpha.jar:/Users/patrickf/.m2/repository/io/opentelemetry/opentelemetry-sdk-logs/1.26.0-alpha/opentelemetry-sdk-logs-1.26.0-alpha.jar:/Users/patrickf/.m2/repository/io/opentelemetry/opentelemetry-api-logs/1.26.0-alpha/opentelemetry-api-logs-1.26.0-alpha.jar:/Users/patrickf/.m2/repository/io/opentelemetry/opentelemetry-api-events/1.26.0-alpha/opentelemetry-api-events-1.26.0-alpha.jar:/Users/patrickf/.m2/repository/io/opentelemetry/opentelemetry-sdk-common/1.26.0/opentelemetry-sdk-common-1.26.0.jar:/Users/patrickf/.m2/repository/io/opentelemetry/opentelemetry-sdk-extension-autoconfigure-spi/1.26.0/opentelemetry-sdk-extension-autoconfigure-spi-1.26.0.jar:/Users/patrickf/.m2/repository/io/opentelemetry/opentelemetry-sdk-extension-autoconfigure/1.26.0-alpha/opentelemetry-sdk-extension-autoconfigure-1.26.0-alpha.jar:/Users/patrickf/.m2/repository/io/opentelemetry/opentelemetry-sdk-trace/1.26.0/opentelemetry-sdk-trace-1.26.0.jar:/Users/patrickf/.m2/repository/io/opentelemetry/opentelemetry-sdk/1.26.0/opentelemetry-sdk-1.26.0.jar:/Users/patrickf/.m2/repository/io/opentelemetry/opentelemetry-semconv/1.26.0-alpha/opentelemetry-semconv-1.26.0-alpha.jar:/Users/patrickf/.m2/repository/net/bytebuddy/byte-buddy/1.14.4/byte-buddy-1.14.4.jar:/Users/patrickf/.m2/repository/org/apache/commons/commons-exec/1.3/commons-exec-1.3.jar:/Users/patrickf/.m2/repository/org/asynchttpclient/async-http-client/2.12.3/async-http-client-2.12.3.jar:/Users/patrickf/.m2/repository/org/asynchttpclient/async-http-client-netty-utils/2.12.3/async-http-client-netty-utils-2.12.3.jar:/Users/patrickf/.m2/repository/io/netty/netty-codec-socks/4.1.60.Final/netty-codec-socks-4.1.60.Final.jar:/Users/patrickf/.m2/repository/io/netty/netty-handler-proxy/4.1.60.Final/netty-handler-proxy-4.1.60.Final.jar:/Users/patrickf/.m2/repository/io/netty/netty-transport-native-epoll/4.1.60.Final/netty-transport-native-epoll-4.1.60.Final-linux-x86_64.jar:/Users/patrickf/.m2/repository/io/netty/netty-transport-native-kqueue/4.1.60.Final/netty-transport-native-kqueue-4.1.60.Final-osx-x86_64.jar:/Users/patrickf/.m2/repository/org/reactivestreams/reactive-streams/1.0.3/reactive-streams-1.0.3.jar:/Users/patrickf/.m2/repository/com/typesafe/netty/netty-reactive-streams/2.0.4/netty-reactive-streams-2.0.4.jar:/Users/patrickf/.m2/repository/com/sun/activation/jakarta.activation/1.2.2/jakarta.activation-1.2.2.jar:/Users/patrickf/.m2/repository/org/seleniumhq/selenium/selenium-safari-driver/4.11.0/selenium-safari-driver-4.11.0.jar:/Users/patrickf/.m2/repository/org/seleniumhq/selenium/selenium-support/4.11.0/selenium-support-4.11.0.jar:/Users/patrickf/.m2/repository/org/json/json/20230618/json-20230618.jar:/Users/patrickf/.m2/repository/com/fasterxml/jackson/core/jackson-databind/2.15.2/jackson-databind-2.15.2.jar:/Users/patrickf/.m2/repository/com/fasterxml/jackson/core/jackson-annotations/2.15.2/jackson-annotations-2.15.2.jar:/Users/patrickf/.m2/repository/com/fasterxml/jackson/core/jackson-core/2.15.2/jackson-core-2.15.2.jar:/Users/patrickf/.m2/repository/io/cucumber/cucumber-java/6.10.4/cucumber-java-6.10.4.jar:/Users/patrickf/.m2/repository/io/cucumber/cucumber-core/6.10.4/cucumber-core-6.10.4.jar:/Users/patrickf/.m2/repository/io/cucumber/cucumber-gherkin/6.10.4/cucumber-gherkin-6.10.4.jar:/Users/patrickf/.m2/repository/io/cucumber/cucumber-gherkin-messages/6.10.4/cucumber-gherkin-messages-6.10.4.jar:/Users/patrickf/.m2/repository/io/cucumber/messages/15.0.0/messages-15.0.0.jar:/Users/patrickf/.m2/repository/io/cucumber/tag-expressions/3.0.1/tag-expressions-3.0.1.jar:/Users/patrickf/.m2/repository/io/cucumber/cucumber-expressions/10.3.0/cucumber-expressions-10.3.0.jar:/Users/patrickf/.m2/repository/io/cucumber/datatable/3.5.0/datatable-3.5.0.jar:/Users/patrickf/.m2/repository/io/cucumber/cucumber-plugin/6.10.4/cucumber-plugin-6.10.4.jar:/Users/patrickf/.m2/repository/io/cucumber/docstring/6.10.4/docstring-6.10.4.jar:/Users/patrickf/.m2/repository/io/cucumber/html-formatter/13.0.0/html-formatter-13.0.0.jar:/Users/patrickf/.m2/repository/io/cucumber/create-meta/4.0.0/create-meta-4.0.0.jar:/Users/patrickf/.m2/repository/org/apiguardian/apiguardian-api/1.1.1/apiguardian-api-1.1.1.jar:/Users/patrickf/.m2/repository/io/cucumber/cucumber-testng/6.10.4/cucumber-testng-6.10.4.jar:/Users/patrickf/.m2/repository/net/masterthought/cucumber-reporting/5.7.6/cucumber-reporting-5.7.6.jar:/Users/patrickf/.m2/repository/com/fasterxml/jackson/datatype/jackson-datatype-jsr310/2.13.2/jackson-datatype-jsr310-2.13.2.jar:/Users/patrickf/.m2/repository/org/apache/velocity/velocity-engine-core/2.3/velocity-engine-core-2.3.jar:/Users/patrickf/.m2/repository/joda-time/joda-time/2.12.2/joda-time-2.12.2.jar:/Users/patrickf/.m2/repository/org/codehaus/plexus/plexus-utils/3.5.1/plexus-utils-3.5.1.jar:/Users/patrickf/.m2/repository/org/jsoup/jsoup/1.16.1/jsoup-1.16.1.jar:/Users/patrickf/.m2/repository/com/googlecode/owasp-java-html-sanitizer/owasp-java-html-sanitizer/20220608.1/owasp-java-html-sanitizer-20220608.1.jar:/Users/patrickf/.m2/repository/commons-configuration/commons-configuration/1.10/commons-configuration-1.10.jar:/Users/patrickf/.m2/repository/commons-lang/commons-lang/2.6/commons-lang-2.6.jar:/Users/patrickf/.m2/repository/io/cucumber/cucumber-picocontainer/6.10.4/cucumber-picocontainer-6.10.4.jar:/Users/patrickf/.m2/repository/org/picocontainer/picocontainer/2.15/picocontainer-2.15.jar:/Users/patrickf/.m2/repository/org/projectlombok/lombok/1.18.28/lombok-1.18.28.jar:/Users/patrickf/.m2/repository/org/slf4j/slf4j-api/2.0.7/slf4j-api-2.0.7.jar:/Users/patrickf/.m2/repository/ch/qos/logback/logback-classic/1.4.11/logback-classic-1.4.11.jar:/Users/patrickf/.m2/repository/ch/qos/logback/logback-core/1.4.11/logback-core-1.4.11.jar:/Users/patrickf/.m2/repository/commons-io/commons-io/2.13.0/commons-io-2.13.0.jar:"/>
    <property name="sun.cpu.endian" value="little"/>
    <property name="user.home" value="/Users/patrickf"/>
    <property name="user.language" value="en"/>
    <property name="java.specification.vendor" value="Oracle Corporation"/>
    <property name="java.version.date" value="2019-01-15"/>
    <property name="java.home" value="/Library/Java/JavaVirtualMachines/openjdk-11.0.2.jdk/Contents/Home"/>
    <property name="file.separator" value="/"/>
    <property name="basedir" value="/Users/patrickf/cucumber-passports"/>
    <property name="java.vm.compressedOopsMode" value="Zero based"/>
    <property name="line.separator" value="&#10;"/>
    <property name="java.specification.name" value="Java Platform API Specification"/>
    <property name="java.vm.specification.vendor" value="Oracle Corporation"/>
    <property name="java.awt.graphicsenv" value="sun.awt.CGraphicsEnvironment"/>
    <property name="surefire.real.class.path" value="/Users/patrickf/cucumber-passports/target/surefire/surefirebooter-20230825121525787_3.jar"/>
    <property name="sun.management.compiler" value="HotSpot 64-Bit Tiered Compilers"/>
    <property name="java.runtime.version" value="11.0.2+9"/>
    <property name="user.name" value="patrickf"/>
    <property name="path.separator" value=":"/>
    <property name="os.version" value="10.16"/>
    <property name="java.runtime.name" value="OpenJDK Runtime Environment"/>
    <property name="file.encoding" value="UTF-8"/>
    <property name="java.vm.name" value="OpenJDK 64-Bit Server VM"/>
    <property name="java.vendor.version" value="18.9"/>
    <property name="localRepository" value="/Users/patrickf/.m2/repository"/>
    <property name="java.vendor.url.bug" value="http://bugreport.java.com/bugreport/"/>
    <property name="java.io.tmpdir" value="/var/folders/6f/b1rbs93s0cz8_ddkjqq21qb40000gn/T/"/>
    <property name="java.version" value="11.0.2"/>
    <property name="user.dir" value="/Users/patrickf/cucumber-passports"/>
    <property name="os.arch" value="x86_64"/>
    <property name="java.vm.specification.name" value="Java Virtual Machine Specification"/>
    <property name="java.awt.printerjob" value="sun.lwawt.macosx.CPrinterJob"/>
    <property name="sun.os.patch.level" value="unknown"/>
    <property name="java.library.path" value="/Users/patrickf/Library/Java/Extensions:/Library/Java/Extensions:/Network/Library/Java/Extensions:/System/Library/Java/Extensions:/usr/lib/java:."/>
    <property name="java.vendor" value="Oracle Corporation"/>
    <property name="java.vm.info" value="mixed mode"/>
    <property name="java.vm.version" value="11.0.2+9"/>
    <property name="sun.io.unicode.encoding" value="UnicodeBig"/>
    <property name="java.class.version" value="55.0"/>
  </properties>
  <testcase name="runParallelScenario[&quot;Simple happy path for adult UK applications to apply for a first time passport&quot;, &quot;Optional[Apply for a First time UK Passport]&quot;](1)" classname="runners.RunSmokeTest" time="27.578">
    <system-out><![CDATA[[WARN] [TestNG-tests-1] 2023-08-25 12:15:27 - The test method 'io.cucumber.testng.AbstractTestNGCucumberTests.runScenario' will be skipped since its data provider 'scenarios' returned an empty array or iterator. 

@SMK1 @smoke
Scenario: Simple happy path for adult UK applications to apply for a first time passport &amp#27;[90m# src/test/resources/features/smoke_tests.feature:6&amp#27;[0m
[INFO] [TestNG-PoolService-0] 2023-08-25 12:15:28 - Driver needs to be created, creating one...
[INFO] [TestNG-PoolService-0] 2023-08-25 12:15:28 - Browser type: ChromeLocal has been set in the Driver Factory on thread TestNG-PoolService-0
[INFO] [TestNG-PoolService-0] 2023-08-25 12:15:28 - Using chromedriver 116.0.5845.96 (resolved driver for Chrome 116)
[INFO] [TestNG-PoolService-0] 2023-08-25 12:15:28 - Exporting webdriver.chrome.driver as /Users/patrickf/.cache/selenium/chromedriver/mac64/116.0.5845.96/chromedriver
[INFO] [TestNG-PoolService-0] 2023-08-25 12:15:31 - Applicant Date of Birth: 1945-08-25
[INFO] [TestNG-PoolService-0] 2023-08-25 12:15:31 - Adult Applicant Title Type: [Ms]
[INFO] [TestNG-PoolService-0] 2023-08-25 12:15:31 - Applicant Gender: M
[INFO] [TestNG-PoolService-0] 2023-08-25 12:15:31 - Applicant Name Change Reason Type: [Marriage]
[INFO] [TestNG-PoolService-0] 2023-08-25 12:15:31 - INVALID EMAIL ID: [pex24@virgin.netuqi]
[INFO] [TestNG-PoolService-0] 2023-08-25 12:15:31 - Applicant Delivery Type: Standard
[INFO] [TestNG-PoolService-0] 2023-08-25 12:15:31 - APPLICANT DESIRES EMAIL UPDATES: [yes]
[INFO] [TestNG-PoolService-0] 2023-08-25 12:15:31 - APPLICANT DESIRES TEXT UPDATES: [no]
[INFO] [TestNG-PoolService-0] 2023-08-25 12:15:31 - Applicant Date of Birth: 1986-08-25
[INFO] [TestNG-PoolService-0] 2023-08-25 12:15:31 - Applicant Date of Birth: 1979-08-25
[INFO] [TestNG-PoolService-0] 2023-08-25 12:15:31 - Applicant Date of Birth: 1984-08-25
[INFO] [TestNG-PoolService-0] 2023-08-25 12:15:31 - Applicant Date of Birth: 1900-09-02
[INFO] [TestNG-PoolService-0] 2023-08-25 12:15:31 - Applicant Date of Birth: 1909-09-02
[INFO] [TestNG-PoolService-0] 2023-08-25 12:15:31 - Applicant Date of Birth: 1902-09-02
[INFO] [TestNG-PoolService-0] 2023-08-25 12:15:31 - Applicant Date of Birth: 1929-09-02
[INFO] [TestNG-PoolService-0] 2023-08-25 12:15:31 - Applicant existing passport issue date: [2013-11-25]
[INFO] [TestNG-PoolService-0] 2023-08-25 12:15:31 - Applicant existing passport expiry date: [2023-11-25]
[INFO] [TestNG-PoolService-0] 2023-08-25 12:15:31 - existingPassportNumber PASSPORT NUMBER: 384468823
[INFO] [TestNG-PoolService-0] 2023-08-25 12:15:31 - parentOnePassportNumber PASSPORT NUMBER: 339750029
[INFO] [TestNG-PoolService-0] 2023-08-25 12:15:31 - parentTwoPassportNumber PASSPORT NUMBER: 348233305
  &amp#27;[32mGiven &amp#27;[0m&amp#27;[32man applicant of type &amp#27;[0m&amp#27;[32m&amp#27;[1madult United Kingdom first time&amp#27;[0m                             &amp#27;[90m# step_definitions.SpecificationsStepDefinitions.anApplicant(java.lang.String)&amp#27;[0m
[INFO] [TestNG-PoolService-0] 2023-08-25 12:15:32 - Loaded page: Apply online for a UK passport
[INFO] [TestNG-PoolService-0] 2023-08-25 12:15:33 - Loaded page: Date of birth
[INFO] [TestNG-PoolService-0] 2023-08-25 12:15:34 - Loaded page: Have you had a UK passport before?
[INFO] [TestNG-PoolService-0] 2023-08-25 12:15:34 - Loaded page: How to apply
[INFO] [TestNG-PoolService-0] 2023-08-25 12:15:34 - Loaded page: How to get a digital passport photo
[INFO] [TestNG-PoolService-0] 2023-08-25 12:15:40 - Loaded page: How to take a digital passport photo
[INFO] [TestNG-PoolService-0] 2023-08-25 12:15:40 - Loaded page: Upload your photo
[INFO] [TestNG-PoolService-0] 2023-08-25 12:15:40 - PHOTO UPLOAD NAME: [photo-passport-example-1-1.jpg], PHOTO UPLOAD TYPE: [Photo Upload]
[INFO] [TestNG-PoolService-0] 2023-08-25 12:15:41 - Loaded page: Do you want to submit this photo?
[INFO] [TestNG-PoolService-0] 2023-08-25 12:15:41 - Loaded page: Do you have any passports from other countries?
[INFO] [TestNG-PoolService-0] 2023-08-25 12:15:42 - Loaded page: Do you have a naturalisation or registration certificate?
[INFO] [TestNG-PoolService-0] 2023-08-25 12:15:42 - Loaded page: Apply for a first UK passport
[INFO] [TestNG-PoolService-0] 2023-08-25 12:15:43 - Loaded page: What you’ll need
[INFO] [TestNG-PoolService-0] 2023-08-25 12:15:43 - Loaded page: New passport details
[INFO] [TestNG-PoolService-0] 2023-08-25 12:15:44 - Loaded page: How did you change your name?
[INFO] [TestNG-PoolService-0] 2023-08-25 12:15:44 - Loaded page: Previous names
[INFO] [TestNG-PoolService-0] 2023-08-25 12:15:45 - Loaded page: Gender
[INFO] [TestNG-PoolService-0] 2023-08-25 12:15:45 - Loaded page: Were you born in the UK?
[INFO] [TestNG-PoolService-0] 2023-08-25 12:15:46 - Loaded page: Naturalisation or registration details
[INFO] [TestNG-PoolService-0] 2023-08-25 12:15:46 - Loaded page: Family details
[INFO] [TestNG-PoolService-0] 2023-08-25 12:15:47 - Loaded page: Parents’ details
[INFO] [TestNG-PoolService-0] 2023-08-25 12:15:47 - Filled Parent one's first name, last name and date of birth
[INFO] [TestNG-PoolService-0] 2023-08-25 12:15:47 - Filled Parent two's first name, last name and date of birth
[INFO] [TestNG-PoolService-0] 2023-08-25 12:15:48 - Loaded page: Mother or parent 1
[INFO] [TestNG-PoolService-0] 2023-08-25 12:15:49 - Loaded page: Father or parent 2
[INFO] [TestNG-PoolService-0] 2023-08-25 12:15:49 - Loaded page: Enter home address
[INFO] [TestNG-PoolService-0] 2023-08-25 12:15:50 - Loaded page: Contact details
[INFO] [TestNG-PoolService-0] 2023-08-25 12:15:51 - Loaded page: Get updates
[INFO] [TestNG-PoolService-0] 2023-08-25 12:15:51 - Loaded page: New passport
[INFO] [TestNG-PoolService-0] 2023-08-25 12:15:51 - Loaded page: Signing a new passport
[INFO] [TestNG-PoolService-0] 2023-08-25 12:15:51 - Applicant Can Sign Passport: [true]
[INFO] [TestNG-PoolService-0] 2023-08-25 12:15:52 - Loaded page: Who is the passport for?
[INFO] [TestNG-PoolService-0] 2023-08-25 12:15:52 - Loaded page: Check this application
[INFO] [TestNG-PoolService-0] 2023-08-25 12:15:53 - Loaded page: Confirm your identity
[INFO] [TestNG-PoolService-0] 2023-08-25 12:15:53 - Loaded page: What you need to send
[INFO] [TestNG-PoolService-0] 2023-08-25 12:15:53 - Loaded page: How should we return your documents?
[INFO] [TestNG-PoolService-0] 2023-08-25 12:15:54 - Loaded page: Paying for your passport
[INFO] [TestNG-PoolService-0] 2023-08-25 12:15:54 - Loaded page: Declaration
  &amp#27;[32mWhen &amp#27;[0m&amp#27;[32mthey apply for a first time passport with a successful payment&amp#27;[0m                    &amp#27;[90m# step_definitions.SpecificationsStepDefinitions.theyApplyToRenewTheirPassport()&amp#27;[0m
  &amp#27;[32mThen &amp#27;[0m&amp#27;[32mthe application status will be: &amp#27;[0m&amp#27;[32m&amp#27;[1msubmitted&amp#27;[0m                                         &amp#27;[90m# step_definitions.SpecificationsStepDefinitions.theApplicationWillBe(java.lang.String)&amp#27;[0m
[INFO] [TestNG-PoolService-0] 2023-08-25 12:15:55 - TEST PASSED :)
]]></system-out>
    <system-err><![CDATA[Aug 25, 2023 12:15:31 PM org.openqa.selenium.devtools.CdpVersionFinder findNearestMatch
WARNING: Unable to find an exact match for CDP version 116, so returning the closest version found: 115
]]></system-err>
  </testcase>
</testsuite>