<?xml version="1.0" encoding="UTF-8"?>
<!-- Generated by org.testng.reporters.JUnitReportReporter -->
<testsuite hostname="C02YT7P1LVDL" failures="0" tests="10" name="runners.RunSmokeTest" time="912.375" errors="0" timestamp="2023-06-13T14:29:55 BST" skipped="0">
  <testcase classname="runners.RunSmokeTest" name="runParallelScenario" time="98.177"/>
  <system-out/>
  <testcase classname="runners.RunSmokeTest" name="runParallelScenario" time="89.380"/>
  <system-out/>
  <testcase classname="runners.RunSmokeTest" name="runParallelScenario" time="101.865"/>
  <system-out/>
  <testcase classname="runners.RunSmokeTest" name="runParallelScenario" time="104.064"/>
  <system-out/>
  <testcase classname="runners.RunSmokeTest" name="runParallelScenario" time="83.294"/>
  <system-out/>
  <testcase classname="runners.RunSmokeTest" name="runParallelScenario" time="80.756"/>
  <system-out/>
  <testcase classname="runners.RunSmokeTest" name="runParallelScenario" time="83.810"/>
  <system-out/>
  <testcase classname="runners.RunSmokeTest" name="runParallelScenario" time="84.975"/>
  <system-out/>
  <testcase classname="runners.RunSmokeTest" name="runParallelScenario" time="80.866"/>
  <system-out/>
  <testcase classname="runners.RunSmokeTest" name="runParallelScenario" time="105.188"/>
  <system-out/>
</testsuite> <!-- runners.RunSmokeTest -->
