<?xml version="1.0" encoding="UTF-8"?>
<!-- Generated by org.testng.reporters.JUnitReportReporter -->
<testsuite hostname="C02YT7P1LVDL" failures="0" tests="1" name="runners.RunSmokeTest" time="27.581" errors="0" timestamp="2023-08-25T12:15:55 BST" skipped="0">
  <testcase classname="runners.RunSmokeTest" name="runParallelScenario" time="27.581"/>
</testsuite> <!-- runners.RunSmokeTest -->
